{"total": {"lines":{"total":17,"covered":10,"skipped":0,"pct":58.82},"statements":{"total":17,"covered":10,"skipped":0,"pct":58.82},"functions":{"total":4,"covered":0,"skipped":0,"pct":0},"branches":{"total":3,"covered":0,"skipped":0,"pct":0}}
,"/home/wpkenpachi/documents/trying-cd-ci/server/src/app.js": {"lines":{"total":17,"covered":10,"skipped":0,"pct":58.82},"functions":{"total":4,"covered":0,"skipped":0,"pct":0},"statements":{"total":17,"covered":10,"skipped":0,"pct":58.82},"branches":{"total":3,"covered":0,"skipped":0,"pct":0}}
}
